{"uid":"e943d0153f159153","name":"test_delete_data","fullName":"Test.test_cases.TestConduit#test_delete_data","historyId":"f93482a40994c8034568881bf7586e2b","time":{"start":1681142534325,"stop":1681142540101,"duration":5776},"status":"broken","statusMessage":"selenium.common.exceptions.NoSuchElementException: Message: no such element: Unable to locate element: {\"method\":\"xpath\",\"selector\":\"//p[@class=\"card-text\"]\"}\n  (Session info: headless chrome=111.0.5563.146)\nStacktrace:\n#0 0x5602d7c2e243 <unknown>\n#1 0x5602d79f27a6 <unknown>\n#2 0x5602d7a2f64d <unknown>\n#3 0x5602d7a2f761 <unknown>\n#4 0x5602d7a6ada4 <unknown>\n#5 0x5602d7a500ad <unknown>\n#6 0x5602d7a68932 <unknown>\n#7 0x5602d7a4fe53 <unknown>\n#8 0x5602d7a229ea <unknown>\n#9 0x5602d7a23b2e <unknown>\n#10 0x5602d7c82d5e <unknown>\n#11 0x5602d7c86a80 <unknown>\n#12 0x5602d7c688b0 <unknown>\n#13 0x5602d7c87b63 <unknown>\n#14 0x5602d7c59f75 <unknown>\n#15 0x5602d7caa998 <unknown>\n#16 0x5602d7caab27 <unknown>\n#17 0x5602d7cc5c23 <unknown>\n#18 0x7f93a2cb6b43 <unknown>","statusTrace":"self = <test_cases.TestConduit object at 0x7f9c0fc9e380>\n\n    def test_delete_data(self):\n        self.login()\n    \n        time.sleep(2)\n    \n        new_article_link = self.browser.find_element(By.XPATH, '//a[contains(text(), \"New Article\")]')\n        new_article_link.click()\n        time.sleep(1)\n    \n        title_input = self.browser.find_element(By.XPATH, '//input[@placeholder=\"Article Title\"]')\n        title_input.send_keys(\"Rövid életű title\")\n    \n        description_input = self.browser.find_element(By.XPATH, '//input[@placeholder=\"What\\'s this article about?\"]')\n        description_input.send_keys(\"Rövid életű description\")\n    \n        body_input = self.browser.find_element(By.XPATH, '//textarea[@placeholder=\"Write your article (in markdown)\"]')\n        body_input.send_keys(\"Rövid életű body\")\n    \n        tags_input = self.browser.find_element(By.XPATH, '//input[@placeholder=\"Enter tags\"]')\n        tags_input.send_keys(\"Rövid életű tags\")\n    \n        publish_button = self.browser.find_element(By.XPATH, '//button[contains(text(), \"Publish Article\")]')\n        publish_button.click()\n        time.sleep(1)\n    \n        comment_button = self.browser.find_element(By.XPATH, '//button[contains(text(), \"Post Comment\")]')\n        comment_textarea = self.browser.find_element(By.XPATH, \"//textarea[@placeholder='Write a comment...']\")\n        comment_textarea.send_keys(\"Rövid életű komment\")\n        comment_button.click()\n    \n>       comment_element = self.browser.find_element(By.XPATH, '//p[@class=\"card-text\"]')\n\nTest/test_cases.py:265: \n_ _ _ _ _ _ _ _ _ _ _ _ _ _ _ _ _ _ _ _ _ _ _ _ _ _ _ _ _ _ _ _ _ _ _ _ _ _ _ _ \n/opt/hostedtoolcache/Python/3.10.10/x64/lib/python3.10/site-packages/selenium/webdriver/remote/webdriver.py:831: in find_element\n    return self.execute(Command.FIND_ELEMENT, {\"using\": by, \"value\": value})[\"value\"]\n/opt/hostedtoolcache/Python/3.10.10/x64/lib/python3.10/site-packages/selenium/webdriver/remote/webdriver.py:440: in execute\n    self.error_handler.check_response(response)\n_ _ _ _ _ _ _ _ _ _ _ _ _ _ _ _ _ _ _ _ _ _ _ _ _ _ _ _ _ _ _ _ _ _ _ _ _ _ _ _ \n\nself = <selenium.webdriver.remote.errorhandler.ErrorHandler object at 0x7f9c0fd23070>\nresponse = {'status': 404, 'value': '{\"value\":{\"error\":\"no such element\",\"message\":\"no such element: Unable to locate element: {\\...\\\\n#16 0x5602d7caab27 \\\\u003Cunknown>\\\\n#17 0x5602d7cc5c23 \\\\u003Cunknown>\\\\n#18 0x7f93a2cb6b43 \\\\u003Cunknown>\\\\n\"}}'}\n\n    def check_response(self, response: Dict[str, Any]) -> None:\n        \"\"\"Checks that a JSON response from the WebDriver does not have an\n        error.\n    \n        :Args:\n         - response - The JSON response from the WebDriver server as a dictionary\n           object.\n    \n        :Raises: If the response contains an error message.\n        \"\"\"\n        status = response.get(\"status\", None)\n        if not status or status == ErrorCode.SUCCESS:\n            return\n        value = None\n        message = response.get(\"message\", \"\")\n        screen: str = response.get(\"screen\", \"\")\n        stacktrace = None\n        if isinstance(status, int):\n            value_json = response.get(\"value\", None)\n            if value_json and isinstance(value_json, str):\n                import json\n    \n                try:\n                    value = json.loads(value_json)\n                    if len(value) == 1:\n                        value = value[\"value\"]\n                    status = value.get(\"error\", None)\n                    if not status:\n                        status = value.get(\"status\", ErrorCode.UNKNOWN_ERROR)\n                        message = value.get(\"value\") or value.get(\"message\")\n                        if not isinstance(message, str):\n                            value = message\n                            message = message.get(\"message\")\n                    else:\n                        message = value.get(\"message\", None)\n                except ValueError:\n                    pass\n    \n        exception_class: Type[WebDriverException]\n        if status in ErrorCode.NO_SUCH_ELEMENT:\n            exception_class = NoSuchElementException\n        elif status in ErrorCode.NO_SUCH_FRAME:\n            exception_class = NoSuchFrameException\n        elif status in ErrorCode.NO_SUCH_SHADOW_ROOT:\n            exception_class = NoSuchShadowRootException\n        elif status in ErrorCode.NO_SUCH_WINDOW:\n            exception_class = NoSuchWindowException\n        elif status in ErrorCode.STALE_ELEMENT_REFERENCE:\n            exception_class = StaleElementReferenceException\n        elif status in ErrorCode.ELEMENT_NOT_VISIBLE:\n            exception_class = ElementNotVisibleException\n        elif status in ErrorCode.INVALID_ELEMENT_STATE:\n            exception_class = InvalidElementStateException\n        elif (\n            status in ErrorCode.INVALID_SELECTOR\n            or status in ErrorCode.INVALID_XPATH_SELECTOR\n            or status in ErrorCode.INVALID_XPATH_SELECTOR_RETURN_TYPER\n        ):\n            exception_class = InvalidSelectorException\n        elif status in ErrorCode.ELEMENT_IS_NOT_SELECTABLE:\n            exception_class = ElementNotSelectableException\n        elif status in ErrorCode.ELEMENT_NOT_INTERACTABLE:\n            exception_class = ElementNotInteractableException\n        elif status in ErrorCode.INVALID_COOKIE_DOMAIN:\n            exception_class = InvalidCookieDomainException\n        elif status in ErrorCode.UNABLE_TO_SET_COOKIE:\n            exception_class = UnableToSetCookieException\n        elif status in ErrorCode.TIMEOUT:\n            exception_class = TimeoutException\n        elif status in ErrorCode.SCRIPT_TIMEOUT:\n            exception_class = TimeoutException\n        elif status in ErrorCode.UNKNOWN_ERROR:\n            exception_class = WebDriverException\n        elif status in ErrorCode.UNEXPECTED_ALERT_OPEN:\n            exception_class = UnexpectedAlertPresentException\n        elif status in ErrorCode.NO_ALERT_OPEN:\n            exception_class = NoAlertPresentException\n        elif status in ErrorCode.IME_NOT_AVAILABLE:\n            exception_class = ImeNotAvailableException\n        elif status in ErrorCode.IME_ENGINE_ACTIVATION_FAILED:\n            exception_class = ImeActivationFailedException\n        elif status in ErrorCode.MOVE_TARGET_OUT_OF_BOUNDS:\n            exception_class = MoveTargetOutOfBoundsException\n        elif status in ErrorCode.JAVASCRIPT_ERROR:\n            exception_class = JavascriptException\n        elif status in ErrorCode.SESSION_NOT_CREATED:\n            exception_class = SessionNotCreatedException\n        elif status in ErrorCode.INVALID_ARGUMENT:\n            exception_class = InvalidArgumentException\n        elif status in ErrorCode.NO_SUCH_COOKIE:\n            exception_class = NoSuchCookieException\n        elif status in ErrorCode.UNABLE_TO_CAPTURE_SCREEN:\n            exception_class = ScreenshotException\n        elif status in ErrorCode.ELEMENT_CLICK_INTERCEPTED:\n            exception_class = ElementClickInterceptedException\n        elif status in ErrorCode.INSECURE_CERTIFICATE:\n            exception_class = InsecureCertificateException\n        elif status in ErrorCode.INVALID_COORDINATES:\n            exception_class = InvalidCoordinatesException\n        elif status in ErrorCode.INVALID_SESSION_ID:\n            exception_class = InvalidSessionIdException\n        elif status in ErrorCode.UNKNOWN_METHOD:\n            exception_class = UnknownMethodException\n        else:\n            exception_class = WebDriverException\n        if not value:\n            value = response[\"value\"]\n        if isinstance(value, str):\n            raise exception_class(value)\n        if message == \"\" and \"message\" in value:\n            message = value[\"message\"]\n    \n        screen = None  # type: ignore[assignment]\n        if \"screen\" in value:\n            screen = value[\"screen\"]\n    \n        stacktrace = None\n        st_value = value.get(\"stackTrace\") or value.get(\"stacktrace\")\n        if st_value:\n            if isinstance(st_value, str):\n                stacktrace = st_value.split(\"\\n\")\n            else:\n                stacktrace = []\n                try:\n                    for frame in st_value:\n                        line = frame.get(\"lineNumber\", \"\")\n                        file = frame.get(\"fileName\", \"<anonymous>\")\n                        if line:\n                            file = f\"{file}:{line}\"\n                        meth = frame.get(\"methodName\", \"<anonymous>\")\n                        if \"className\" in frame:\n                            meth = f\"{frame['className']}.{meth}\"\n                        msg = \"    at %s (%s)\"\n                        msg = msg % (meth, file)\n                        stacktrace.append(msg)\n                except TypeError:\n                    pass\n        if exception_class == UnexpectedAlertPresentException:\n            alert_text = None\n            if \"data\" in value:\n                alert_text = value[\"data\"].get(\"text\")\n            elif \"alert\" in value:\n                alert_text = value[\"alert\"].get(\"text\")\n            raise exception_class(message, screen, stacktrace, alert_text)  # type: ignore[call-arg]  # mypy is not smart enough here\n>       raise exception_class(message, screen, stacktrace)\nE       selenium.common.exceptions.NoSuchElementException: Message: no such element: Unable to locate element: {\"method\":\"xpath\",\"selector\":\"//p[@class=\"card-text\"]\"}\nE         (Session info: headless chrome=111.0.5563.146)\nE       Stacktrace:\nE       #0 0x5602d7c2e243 <unknown>\nE       #1 0x5602d79f27a6 <unknown>\nE       #2 0x5602d7a2f64d <unknown>\nE       #3 0x5602d7a2f761 <unknown>\nE       #4 0x5602d7a6ada4 <unknown>\nE       #5 0x5602d7a500ad <unknown>\nE       #6 0x5602d7a68932 <unknown>\nE       #7 0x5602d7a4fe53 <unknown>\nE       #8 0x5602d7a229ea <unknown>\nE       #9 0x5602d7a23b2e <unknown>\nE       #10 0x5602d7c82d5e <unknown>\nE       #11 0x5602d7c86a80 <unknown>\nE       #12 0x5602d7c688b0 <unknown>\nE       #13 0x5602d7c87b63 <unknown>\nE       #14 0x5602d7c59f75 <unknown>\nE       #15 0x5602d7caa998 <unknown>\nE       #16 0x5602d7caab27 <unknown>\nE       #17 0x5602d7cc5c23 <unknown>\nE       #18 0x7f93a2cb6b43 <unknown>\n\n/opt/hostedtoolcache/Python/3.10.10/x64/lib/python3.10/site-packages/selenium/webdriver/remote/errorhandler.py:245: NoSuchElementException","flaky":false,"newFailed":false,"newBroken":false,"newPassed":false,"retriesCount":0,"retriesStatusChange":false,"beforeStages":[{"name":"_xunit_setup_method_fixture_TestConduit","time":{"start":1681142533205,"stop":1681142534324,"duration":1119},"status":"passed","steps":[],"attachments":[],"parameters":[],"stepsCount":0,"attachmentsCount":0,"shouldDisplayMessage":false,"hasContent":false}],"afterStages":[{"name":"_xunit_setup_method_fixture_TestConduit::0","time":{"start":1681142540179,"stop":1681142540235,"duration":56},"status":"passed","steps":[],"attachments":[],"parameters":[],"stepsCount":0,"attachmentsCount":0,"shouldDisplayMessage":false,"hasContent":false}],"labels":[{"name":"parentSuite","value":"Test"},{"name":"suite","value":"test_cases"},{"name":"subSuite","value":"TestConduit"},{"name":"host","value":"fv-az366-739"},{"name":"thread","value":"3033-MainThread"},{"name":"framework","value":"pytest"},{"name":"language","value":"cpython3"},{"name":"package","value":"Test.test_cases"},{"name":"resultFormat","value":"allure2"}],"parameters":[],"links":[],"hidden":false,"retry":false,"extra":{"severity":"normal","retries":[],"categories":[{"name":"Test defects","matchedStatuses":[],"flaky":false}],"tags":[]},"source":"e943d0153f159153.json","parameterValues":[]}